Determining if the pthread_create exist failed with the following output:
Change Dir: /home/michael/Documents/Studia/TIN/Projekt/AudioALSA/cmake-build-debug/CMakeFiles/CMakeTmp

Run Build Command(s):/usr/bin/make cmTC_962dc/fast 
/usr/bin/make -f CMakeFiles/cmTC_962dc.dir/build.make CMakeFiles/cmTC_962dc.dir/build
make[1]: Entering directory '/home/michael/Documents/Studia/TIN/Projekt/AudioALSA/cmake-build-debug/CMakeFiles/CMakeTmp'
Building C object CMakeFiles/cmTC_962dc.dir/CheckSymbolExists.c.o
/usr/bin/cc    -o CMakeFiles/cmTC_962dc.dir/CheckSymbolExists.c.o   -c /home/michael/Documents/Studia/TIN/Projekt/AudioALSA/cmake-build-debug/CMakeFiles/CMakeTmp/CheckSymbolExists.c
Linking C executable cmTC_962dc
/snap/clion/68/bin/cmake/linux/bin/cmake -E cmake_link_script CMakeFiles/cmTC_962dc.dir/link.txt --verbose=1
/usr/bin/cc      CMakeFiles/cmTC_962dc.dir/CheckSymbolExists.c.o  -o cmTC_962dc 
/usr/bin/ld: CMakeFiles/cmTC_962dc.dir/CheckSymbolExists.c.o: in function `main':
CheckSymbolExists.c:(.text+0x1b): undefined reference to `pthread_create'
collect2: error: ld returned 1 exit status
make[1]: *** [CMakeFiles/cmTC_962dc.dir/build.make:87: cmTC_962dc] Error 1
make[1]: Leaving directory '/home/michael/Documents/Studia/TIN/Projekt/AudioALSA/cmake-build-debug/CMakeFiles/CMakeTmp'
make: *** [Makefile:121: cmTC_962dc/fast] Error 2

File /home/michael/Documents/Studia/TIN/Projekt/AudioALSA/cmake-build-debug/CMakeFiles/CMakeTmp/CheckSymbolExists.c:
/* */
#include <pthread.h>

int main(int argc, char** argv)
{
  (void)argv;
#ifndef pthread_create
  return ((int*)(&pthread_create))[argc];
#else
  (void)argc;
  return 0;
#endif
}

Determining if the function pthread_create exists in the pthreads failed with the following output:
Change Dir: /home/michael/Documents/Studia/TIN/Projekt/AudioALSA/cmake-build-debug/CMakeFiles/CMakeTmp

Run Build Command(s):/usr/bin/make cmTC_09135/fast 
/usr/bin/make -f CMakeFiles/cmTC_09135.dir/build.make CMakeFiles/cmTC_09135.dir/build
make[1]: Entering directory '/home/michael/Documents/Studia/TIN/Projekt/AudioALSA/cmake-build-debug/CMakeFiles/CMakeTmp'
Building C object CMakeFiles/cmTC_09135.dir/CheckFunctionExists.c.o
/usr/bin/cc   -DCHECK_FUNCTION_EXISTS=pthread_create   -o CMakeFiles/cmTC_09135.dir/CheckFunctionExists.c.o   -c /snap/clion/68/bin/cmake/linux/share/cmake-3.14/Modules/CheckFunctionExists.c
Linking C executable cmTC_09135
/snap/clion/68/bin/cmake/linux/bin/cmake -E cmake_link_script CMakeFiles/cmTC_09135.dir/link.txt --verbose=1
/usr/bin/cc  -DCHECK_FUNCTION_EXISTS=pthread_create    CMakeFiles/cmTC_09135.dir/CheckFunctionExists.c.o  -o cmTC_09135 -lpthreads 
/usr/bin/ld: cannot find -lpthreads
collect2: error: ld returned 1 exit status
make[1]: *** [CMakeFiles/cmTC_09135.dir/build.make:87: cmTC_09135] Error 1
make[1]: Leaving directory '/home/michael/Documents/Studia/TIN/Projekt/AudioALSA/cmake-build-debug/CMakeFiles/CMakeTmp'
make: *** [Makefile:121: cmTC_09135/fast] Error 2


